This is pdfTeX, Version 3.1415926-1.40.10 (MiKTeX 2.8) (preloaded format=pdflatex 2013.10.12)  15 JAN 2014 21:46
entering extended mode
**SmartD.tex
(C:\Users\Elin\Desktop\SmartD-Report\SmartD.tex
LaTeX2e <2009/09/24>
Babel <v3.8l> and hyphenation patterns for english, dumylang, nohyphenation, ge
rman, ngerman, german-x-2009-06-19, ngerman-x-2009-06-19, french, loaded.
(C:\Users\Elin\Desktop\SmartD-Report\sig-alternate-10pt.cls
("C:\Program Files (x86)\MiKTeX 2.8\tex\latex\graphics\epsfig.sty"
Package: epsfig 1999/02/16 v1.7a (e)psfig emulation (SPQR)

("C:\Program Files (x86)\MiKTeX 2.8\tex\latex\graphics\graphicx.sty"
Package: graphicx 1999/02/16 v1.0f Enhanced LaTeX Graphics (DPC,SPQR)

("C:\Program Files (x86)\MiKTeX 2.8\tex\latex\graphics\keyval.sty"
Package: keyval 1999/03/16 v1.13 key=value parser (DPC)
\KV@toks@=\toks14
)
("C:\Program Files (x86)\MiKTeX 2.8\tex\latex\graphics\graphics.sty"
Package: graphics 2009/02/05 v1.0o Standard LaTeX Graphics (DPC,SPQR)

("C:\Program Files (x86)\MiKTeX 2.8\tex\latex\graphics\trig.sty"
Package: trig 1999/03/16 v1.09 sin cos tan (DPC)
)
("C:\Program Files (x86)\MiKTeX 2.8\tex\latex\00miktex\graphics.cfg"
File: graphics.cfg 2007/01/18 v1.5 graphics configuration of teTeX/TeXLive
)
Package graphics Info: Driver file: pdftex.def on input line 91.

("C:\Program Files (x86)\MiKTeX 2.8\tex\latex\pdftex-def\pdftex.def"
File: pdftex.def 2010/02/14 v0.04n Graphics/color for pdfTeX
\Gread@gobject=\count79
))
\Gin@req@height=\dimen102
\Gin@req@width=\dimen103
)
\epsfxsize=\dimen104
\epsfysize=\dimen105
)
("C:\Program Files (x86)\MiKTeX 2.8\tex\latex\amsfonts\amssymb.sty"
Package: amssymb 2009/06/22 v3.00

("C:\Program Files (x86)\MiKTeX 2.8\tex\latex\amsfonts\amsfonts.sty"
Package: amsfonts 2009/06/22 v3.00 Basic AMSFonts support
\@emptytoks=\toks15
\symAMSa=\mathgroup4
\symAMSb=\mathgroup5
LaTeX Font Info:    Overwriting math alphabet `\mathfrak' in version `bold'
(Font)                  U/euf/m/n --> U/euf/b/n on input line 96.
))
("C:\Program Files (x86)\MiKTeX 2.8\tex\latex\ams\math\amsmath.sty"
Package: amsmath 2000/07/18 v2.13 AMS math features
\@mathmargin=\skip41

For additional information on amsmath, use the `?' option.
("C:\Program Files (x86)\MiKTeX 2.8\tex\latex\ams\math\amstext.sty"
Package: amstext 2000/06/29 v2.01

("C:\Program Files (x86)\MiKTeX 2.8\tex\latex\ams\math\amsgen.sty"
File: amsgen.sty 1999/11/30 v2.0
\@emptytoks=\toks16
\ex@=\dimen106
))
("C:\Program Files (x86)\MiKTeX 2.8\tex\latex\ams\math\amsbsy.sty"
Package: amsbsy 1999/11/29 v1.2d
\pmbraise@=\dimen107
)
("C:\Program Files (x86)\MiKTeX 2.8\tex\latex\ams\math\amsopn.sty"
Package: amsopn 1999/12/14 v2.01 operator names
)
\inf@bad=\count80
LaTeX Info: Redefining \frac on input line 211.
\uproot@=\count81
\leftroot@=\count82
LaTeX Info: Redefining \overline on input line 307.
\classnum@=\count83
\DOTSCASE@=\count84
LaTeX Info: Redefining \ldots on input line 379.
LaTeX Info: Redefining \dots on input line 382.
LaTeX Info: Redefining \cdots on input line 467.
\Mathstrutbox@=\box26
\strutbox@=\box27
\big@size=\dimen108
LaTeX Font Info:    Redeclaring font encoding OML on input line 567.
LaTeX Font Info:    Redeclaring font encoding OMS on input line 568.
\macc@depth=\count85
\c@MaxMatrixCols=\count86
\dotsspace@=\muskip10
\c@parentequation=\count87
\dspbrk@lvl=\count88
\tag@help=\toks17
\row@=\count89
\column@=\count90
\maxfields@=\count91
\andhelp@=\toks18
\eqnshift@=\dimen109
\alignsep@=\dimen110
\tagshift@=\dimen111
\tagwidth@=\dimen112
\totwidth@=\dimen113
\lineht@=\dimen114
\@envbody=\toks19
\multlinegap=\skip42
\multlinetaggap=\skip43
\mathdisplay@stack=\toks20
LaTeX Info: Redefining \[ on input line 2666.
LaTeX Info: Redefining \] on input line 2667.
)
Document Class 'sig-alternate' <22nd. April '09>. Modified by G.K.M. Tobin/Gerr
y Murray
Based in part upon document Style `acmconf' <22 May 89>. Hacked 4/91 by
shivers@cs.cmu.edu, 4/93 by theobald@cs.mcgill.ca
Excerpts were taken from (Journal Style) 'esub2acm.cls'.
****** Bugs/comments/suggestions/technicalities to Gerry Murray -- murray@hq.ac
m.org ******
Questions on the style, SIGS policies, etc. to Adrienne Griscti griscti@acm.org

\footheight=\dimen115
\@maxsep=\dimen116
\@dblmaxsep=\dimen117
\aucount=\count92
\originalaucount=\count93
\auwidth=\dimen118
\auskip=\dimen119
\auskipcount=\count94
\auskip=\dimen120
\allauboxes=\dimen121
\addauthors=\toks21
\addauflag=\count95
\subtitletext=\toks22
\savesection=\count96
\sectioncntr=\count97
\c@figure=\count98
\c@table=\count99
\titleboxnotes=\toks23
\titleboxnoteflag=\count100

LaTeX Warning: You have requested document class `sig-alternate-10pt',
               but the document class provides `sig-alternate'.

Document Class: sig-alternate 2009/04/22 - V2.4 - based on acmproc.cls V1.3 <No
v. 30 '99>
("C:\Program Files (x86)\MiKTeX 2.8\tex\latex\base\latexsym.sty"
Package: latexsym 1998/08/17 v2.2e Standard LaTeX package (lasy symbols)
\symlasy=\mathgroup6
LaTeX Font Info:    Overwriting symbol font `lasy' in version `bold'
(Font)                  U/lasy/m/n --> U/lasy/b/n on input line 47.
)
\@acmtitlebox=\box28
\titlenotecount=\count101
\tntoks=\toks24
\tntokstwo=\toks25
\tntoksthree=\toks26
\tntoksfour=\toks27
\tntoksfive=\toks28
\catcount=\count102
\conf=\toks29
\confinfo=\toks30
\c@part=\count103
\c@section=\count104
\c@subsection=\count105
\c@subsubsection=\count106
\c@paragraph=\count107

Using 'Abbrev' bibliography style
LaTeX Info: Redefining \cite on input line 1223.
\bibindent=\dimen122
\colcntr=\count108
\saveb@x=\box29
\copyrtyr=\toks31
\acmcopyr=\toks32
\boilerplate=\toks33
\copyrightetc=\toks34
("C:\Program Files (x86)\MiKTeX 2.8\tex\latex\base\fontenc.sty"
Package: fontenc 2005/09/27 v1.99g Standard LaTeX package

("C:\Program Files (x86)\MiKTeX 2.8\tex\latex\base\t1enc.def"
File: t1enc.def 2005/09/27 v1.99g Standard LaTeX file
LaTeX Font Info:    Redeclaring font encoding T1 on input line 43.
)
LaTeX Font Info:    Try loading font information for T1+aer on input line 100.

("C:\Program Files (x86)\MiKTeX 2.8\tex\latex\ae\t1aer.fd"
File: t1aer.fd 1997/11/16 Font definitions for T1/aer.
)))
(C:\Users\Elin\Desktop\SmartD-Report\SmartD.aux)
LaTeX Font Info:    Checking defaults for OML/cmm/m/it on input line 5.
LaTeX Font Info:    ... okay on input line 5.
LaTeX Font Info:    Checking defaults for T1/cmr/m/n on input line 5.
LaTeX Font Info:    ... okay on input line 5.
LaTeX Font Info:    Checking defaults for OT1/cmr/m/n on input line 5.
LaTeX Font Info:    ... okay on input line 5.
LaTeX Font Info:    Checking defaults for OMS/cmsy/m/n on input line 5.
LaTeX Font Info:    ... okay on input line 5.
LaTeX Font Info:    Checking defaults for OMX/cmex/m/n on input line 5.
LaTeX Font Info:    ... okay on input line 5.
LaTeX Font Info:    Checking defaults for U/cmr/m/n on input line 5.
LaTeX Font Info:    ... okay on input line 5.

("C:\Program Files (x86)\MiKTeX 2.8\tex\context\base\supp-pdf.tex"
[Loading MPS to PDF converter (version 2006.09.02).]
\scratchcounter=\count109
\scratchdimen=\dimen123
\scratchbox=\box30
\nofMPsegments=\count110
\nofMParguments=\count111
\everyMPshowfont=\toks35
\MPscratchCnt=\count112
\MPscratchDim=\dimen124
\MPnumerator=\count113
\everyMPtoPDFconversion=\toks36
)
LaTeX Font Info:    Try loading font information for U+msa on input line 20.
 ("C:\Program Files (x86)\MiKTeX 2.8\tex\latex\amsfonts\umsa.fd"
File: umsa.fd 2009/06/22 v3.00 AMS symbols A
)
LaTeX Font Info:    Try loading font information for U+msb on input line 20.

("C:\Program Files (x86)\MiKTeX 2.8\tex\latex\amsfonts\umsb.fd"
File: umsb.fd 2009/06/22 v3.00 AMS symbols B
)
LaTeX Font Info:    Try loading font information for U+lasy on input line 20.

("C:\Program Files (x86)\MiKTeX 2.8\tex\latex\base\ulasy.fd"
File: ulasy.fd 1998/08/17 v2.2e LaTeX symbol font definitions
)
Underfull \hbox (badness 10000) in paragraph at lines 31--32

 []


Overfull \hbox (1.14638pt too wide) in paragraph at lines 33--34
\T1/aer/m/n/10 time elec-tric-ity con-sump-tion from res-i-den-tial house-holds

 []


Overfull \hbox (12.14914pt too wide) in paragraph at lines 33--34
\T1/aer/m/n/10 out-age man-age-ment, and con-duct de-mand re-sponse events. 
 []


Underfull \hbox (badness 10000) in paragraph at lines 33--34

 []


Underfull \hbox (badness 10000) in paragraph at lines 35--36

 []


Underfull \hbox (badness 10000) in paragraph at lines 37--38

 []


Underfull \hbox (badness 10000) in paragraph at lines 39--40

 []


Underfull \hbox (badness 10000) in paragraph at lines 41--42

 []


Underfull \hbox (badness 10000) in paragraph at lines 46--47

 []


Underfull \hbox (badness 10000) in paragraph at lines 48--49

 []

[1{C:/ProgramData/MiKTeX/2.8/pdftex/config/pdftex.map}


]
Underfull \hbox (badness 10000) in paragraph at lines 50--51

 []


Overfull \hbox (5.30212pt too wide) in paragraph at lines 53--53
[]\secfnt Comparison of en-ergy con-sump-tion for dif-
 []


Underfull \hbox (badness 10000) in paragraph at lines 55--56

 []


Underfull \hbox (badness 10000) in paragraph at lines 57--58

 []


Underfull \vbox (badness 6396) has occurred while \output is active []


<ComparisonFull.JPG, id=11, 891.33pt x 465.23813pt>
File: ComparisonFull.JPG Graphic file (type jpg)
 <use ComparisonFull.JPG>
<ComparisonControlPanel.JPG, id=12, 298.86656pt x 371.13657pt>
File: ComparisonControlPanel.JPG Graphic file (type jpg)

<use ComparisonControlPanel.JPG>
Underfull \hbox (badness 10000) in paragraph at lines 71--72

 []


Underfull \hbox (badness 10000) in paragraph at lines 75--76

 []


Underfull \hbox (badness 10000) in paragraph at lines 79--79
[][]\T1/aer/m/n/9 In the Fig-ure 1 the user has cho-sen
 []


Underfull \hbox (badness 10000) in paragraph at lines 79--80

 []

[2 <C:/Users/Elin/Desktop/SmartD-Report/ComparisonControlPanel.JPG>]
Underfull \hbox (badness 10000) in paragraph at lines 81--82

 []


Underfull \hbox (badness 10000) in paragraph at lines 89--90

 []


Underfull \hbox (badness 10000) in paragraph at lines 91--92

 []

<ComparisonPlot.JPG, id=17, 525.46312pt x 380.17032pt>
File: ComparisonPlot.JPG Graphic file (type jpg)

<use ComparisonPlot.JPG>
<ComparisonPlotNormalized.JPG, id=18, 512.66531pt x 386.19281pt>
File: ComparisonPlotNormalized.JPG Graphic file (type jpg)

<use ComparisonPlotNormalized.JPG>
Underfull \hbox (badness 10000) in paragraph at lines 105--106

 []


Underfull \vbox (badness 3872) has occurred while \output is active []

 [3 <C:/Users/Elin/Desktop/SmartD-Report/ComparisonFull.JPG> <C:/Users/Elin/Des
ktop/SmartD-Report/ComparisonPlot.JPG>]
Underfull \hbox (badness 10000) in paragraph at lines 110--111

 []


Overfull \hbox (1.12685pt too wide) in paragraph at lines 112--113
\T1/aer/m/n/10 play im-por-tant role in in-crease or de-crease of the amount
 []


Underfull \hbox (badness 10000) in paragraph at lines 112--113

 []


Underfull \hbox (badness 10000) in paragraph at lines 114--115

 []


Underfull \hbox (badness 10000) in paragraph at lines 116--117

 []


Underfull \hbox (badness 10000) in paragraph at lines 118--119

 []


Underfull \hbox (badness 10000) in paragraph at lines 120--121

 []


Underfull \hbox (badness 10000) in paragraph at lines 122--123

 []


Underfull \hbox (badness 10000) in paragraph at lines 124--125

 []


Overfull \hbox (25.4141pt too wide) in paragraph at lines 140--146
 [][] 
 []


Underfull \hbox (badness 10000) in paragraph at lines 149--150

 []


Underfull \hbox (badness 10000) in paragraph at lines 149--150

 []

[4 <C:/Users/Elin/Desktop/SmartD-Report/ComparisonPlotNormalized.JPG>]
Underfull \hbox (badness 10000) in paragraph at lines 156--157

 []


Underfull \hbox (badness 10000) in paragraph at lines 161--162

 []


Underfull \hbox (badness 10000) in paragraph at lines 163--164

 []


Underfull \hbox (badness 10000) in paragraph at lines 165--166

 []


Underfull \hbox (badness 10000) in paragraph at lines 167--168

 []


Underfull \hbox (badness 10000) in paragraph at lines 169--170

 []


Overfull \hbox (1.42676pt too wide) in paragraph at lines 171--172
\T1/aer/m/n/10 tances be-tween the en-ergy con-sump-tion of the cus-tomers
 []


Underfull \hbox (badness 10000) in paragraph at lines 171--172

 []

<EvaluationNeighborNum.JPG, id=31, 523.9575pt x 359.84438pt>
File: EvaluationNeighborNum.JPG Graphic file (type jpg)

<use EvaluationNeighborNum.JPG>
Underfull \hbox (badness 10000) in paragraph at lines 194--195

 []

[5 <C:/Users/Elin/Desktop/SmartD-Report/EvaluationNeighborNum.JPG>]
Underfull \hbox (badness 10000) in paragraph at lines 196--197

 []


Underfull \hbox (badness 10000) in paragraph at lines 198--199

 []


Underfull \hbox (badness 10000) in paragraph at lines 200--201

 []


Underfull \hbox (badness 10000) in paragraph at lines 202--203

 []


Underfull \hbox (badness 10000) in paragraph at lines 204--205

 []

<EvaluationQuestionNum.JPG, id=35, 536.0025pt x 371.88937pt>
File: EvaluationQuestionNum.JPG Graphic file (type jpg)

<use EvaluationQuestionNum.JPG>
Underfull \hbox (badness 10000) in paragraph at lines 214--215

 []


Underfull \hbox (badness 10000) in paragraph at lines 216--217

 []


Underfull \hbox (badness 10000) in paragraph at lines 218--219

 []


Underfull \hbox (badness 10000) in paragraph at lines 220--221

 []

<PredictionFull.JPG, id=36, 950.80219pt x 455.45157pt>
File: PredictionFull.JPG Graphic file (type jpg)

<use PredictionFull.JPG>
<PredictionAllQuestions.JPG, id=37, 216.81pt x 368.1253pt>
File: PredictionAllQuestions.JPG Graphic file (type jpg)

<use PredictionAllQuestions.JPG>
<PredictionRelevantQuestions.JPG, id=38, 216.81pt x 364.36125pt>
File: PredictionRelevantQuestions.JPG Graphic file (type jpg)

<use PredictionRelevantQuestions.JPG>
<PredictionPlot.JPG, id=39, 424.58624pt x 355.3275pt>
File: PredictionPlot.JPG Graphic file (type jpg)
 <use PredictionPlot.JPG>
Overfull \hbox (4.40181pt too wide) in paragraph at lines 247--247
[]\secfnt Distribution of en-ergy con-sump-tion for dif-
 []

[6 <C:/Users/Elin/Desktop/SmartD-Report/EvaluationQuestionNum.JPG>] [7 <C:/User
s/Elin/Desktop/SmartD-Report/PredictionFull.JPG> <C:/Users/Elin/Desktop/SmartD-
Report/PredictionAllQuestions.JPG> <C:/Users/Elin/Desktop/SmartD-Report/Predict
ionRelevantQuestions.JPG>]
<DistributionFull.JPG, id=47, 910.90312pt x 444.15938pt>
File: DistributionFull.JPG Graphic file (type jpg)

<use DistributionFull.JPG>
<DistributionControlPanel.JPG, id=48, 289.83281pt x 349.305pt>
File: DistributionControlPanel.JPG Graphic file (type jpg)

<use DistributionControlPanel.JPG>
<DistributionPlot.JPG, id=49, 533.74406pt x 389.20406pt>
File: DistributionPlot.JPG Graphic file (type jpg)

<use DistributionPlot.JPG>
Underfull \hbox (badness 10000) in paragraph at lines 272--273

 []


Overfull \hbox (9.92642pt too wide) in paragraph at lines 274--275
\T1/aer/m/n/10 tances (sim-i-lar-ity) be-tween the cus-tomers. Weka (Waikato
 []


Underfull \hbox (badness 10000) in paragraph at lines 274--275

 []


Underfull \hbox (badness 10000) in paragraph at lines 276--277

 []


Underfull \hbox (badness 10000) in paragraph at lines 284--285

 []


Underfull \hbox (badness 10000) in paragraph at lines 286--287

 []

[8 <C:/Users/Elin/Desktop/SmartD-Report/PredictionPlot.JPG> <C:/Users/Elin/Desk
top/SmartD-Report/DistributionControlPanel.JPG> <C:/Users/Elin/Desktop/SmartD-R
eport/DistributionPlot.JPG>]
No file SmartD.bbl.
[9

 <C:/Users/Elin/Desktop/SmartD-Report/DistributionFull.JPG>]
(C:\Users\Elin\Desktop\SmartD-Report\SmartD.aux) ) 
Here is how much of TeX's memory you used:
 2273 strings out of 495285
 27236 string characters out of 3179880
 83451 words of memory out of 3000000
 5424 multiletter control sequences out of 15000+200000
 54765 words of font info for 79 fonts, out of 3000000 for 9000
 14 hyphenation exceptions out of 8191
 39i,10n,26p,1019b,252s stack positions out of 5000i,500n,10000p,200000b,50000s
{C:/Program Files (x86)/MiKTe
X 2.8/fonts/enc/dvips/fontname/8r.enc}<C:/Program Files (x86)/MiKTeX 2.8/fonts/
type1/public/amsfonts/cm/cmbx10.pfb><C:/Program Files (x86)/MiKTeX 2.8/fonts/ty
pe1/public/amsfonts/cm/cmmi10.pfb><C:/Program Files (x86)/MiKTeX 2.8/fonts/type
1/public/amsfonts/cm/cmmi7.pfb><C:/Program Files (x86)/MiKTeX 2.8/fonts/type1/p
ublic/amsfonts/cm/cmr10.pfb><C:/Program Files (x86)/MiKTeX 2.8/fonts/type1/publ
ic/amsfonts/cm/cmr6.pfb><C:/Program Files (x86)/MiKTeX 2.8/fonts/type1/public/a
msfonts/cm/cmr7.pfb><C:/Program Files (x86)/MiKTeX 2.8/fonts/type1/public/amsfo
nts/cm/cmr9.pfb><C:/Program Files (x86)/MiKTeX 2.8/fonts/type1/public/amsfonts/
cm/cmsy10.pfb><C:/Program Files (x86)/MiKTeX 2.8/fonts/type1/urw/helvetic/uhvb8
a.pfb><C:/Program Files (x86)/MiKTeX 2.8/fonts/type1/urw/helvetic/uhvr8a.pfb><C
:/Program Files (x86)/MiKTeX 2.8/fonts/type1/urw/times/utmb8a.pfb><C:/Program F
iles (x86)/MiKTeX 2.8/fonts/type1/urw/times/utmr8a.pfb><C:/Program Files (x86)/
MiKTeX 2.8/fonts/type1/urw/times/utmri8a.pfb>
Output written on SmartD.pdf (9 pages, 980835 bytes).
PDF statistics:
 98 PDF objects out of 1000 (max. 8388607)
 0 named destinations out of 1000 (max. 500000)
 66 words of extra memory for PDF output out of 10000 (max. 10000000)

